<?xml version='1.0'?>
<ns2:test-suite xmlns:ns2='urn:model.allure.qatools.yandex.ru' start='1583165405334' stop='1583165421212'>
    <name>performing opeartions in espn home page: Login with invalid user credentials</name>
    <title>performing opeartions in espn home page: Login with invalid user credentials</title>
    <test-cases>
        <test-case start='1583165405335' status='passed' stop='1583165405335'>
            <name>Hook</name>
            <title>Hook</title>
            <labels>
                <label name='language' value='javascript'/>
                <label name='framework' value='wdio'/>
                <label name='thread' value='0-0'/>
            </labels>
            <parameters>
                <parameter kind='argument' name='browser' value='chrome'/>
            </parameters>
            <steps/>
            <attachments/>
        </test-case>
        <test-case start='1583165405335' status='passed' stop='1583165407965'>
            <name>Given I'm on the Home page</name>
            <title>Given I'm on the Home page</title>
            <labels>
                <label name='language' value='javascript'/>
                <label name='framework' value='wdio'/>
                <label name='thread' value='0-0'/>
            </labels>
            <parameters>
                <parameter kind='argument' name='browser' value='chrome'/>
            </parameters>
            <steps/>
            <attachments/>
        </test-case>
        <test-case start='1583165407965' status='passed' stop='1583165408562'>
            <name>When I click on log in option</name>
            <title>When I click on log in option</title>
            <labels>
                <label name='language' value='javascript'/>
                <label name='framework' value='wdio'/>
                <label name='thread' value='0-0'/>
            </labels>
            <parameters>
                <parameter kind='argument' name='browser' value='chrome'/>
            </parameters>
            <steps/>
            <attachments/>
        </test-case>
        <test-case start='1583165408562' status='passed' stop='1583165409025'>
            <name>And I shall be on login page</name>
            <title>And I shall be on login page</title>
            <labels>
                <label name='language' value='javascript'/>
                <label name='framework' value='wdio'/>
                <label name='thread' value='0-0'/>
            </labels>
            <parameters>
                <parameter kind='argument' name='browser' value='chrome'/>
            </parameters>
            <steps/>
            <attachments/>
        </test-case>
        <test-case start='1583165409025' status='passed' stop='1583165420799'>
            <name>And I login with invalid user credentials</name>
            <title>And I login with invalid user credentials</title>
            <labels>
                <label name='language' value='javascript'/>
                <label name='framework' value='wdio'/>
                <label name='thread' value='0-0'/>
            </labels>
            <parameters>
                <parameter kind='argument' name='browser' value='chrome'/>
            </parameters>
            <steps/>
            <attachments/>
        </test-case>
        <test-case start='1583165420799' status='failed' stop='1583165421211'>
            <name>Then I should not get logged in</name>
            <title>Then I should not get logged in</title>
            <labels>
                <label name='language' value='javascript'/>
                <label name='framework' value='wdio'/>
                <label name='thread' value='0-0'/>
            </labels>
            <parameters>
                <parameter kind='argument' name='browser' value='chrome'/>
            </parameters>
            <steps/>
            <attachments/>
            <failure>
                <message>expected false to be true</message>
                <stack-trace>AssertionError: expected false to be true
                    at World.&lt;anonymous> (C:\Jeevan webdriver\Wedriverio2\src\steps/espn.stp.js:60:10)
                    at World.executeSync (C:\Jeevan webdriver\Wedriverio2\node_modules\@wdio\sync\build\index.js:56:18)
                    at C:\Jeevan webdriver\Wedriverio2\node_modules\@wdio\sync\build\index.js:82:70</stack-trace>
            </failure>
        </test-case>
        <test-case start='1583165421212' status='passed' stop='1583165421212'>
            <name>Hook</name>
            <title>Hook</title>
            <labels>
                <label name='language' value='javascript'/>
                <label name='framework' value='wdio'/>
                <label name='thread' value='0-0'/>
            </labels>
            <parameters>
                <parameter kind='argument' name='browser' value='chrome'/>
            </parameters>
            <steps/>
            <attachments/>
        </test-case>
    </test-cases>
</ns2:test-suite>