<?xml version='1.0'?>
<ns2:test-suite xmlns:ns2='urn:model.allure.qatools.yandex.ru' start='1583168371867' stop='1583168381408'>
    <name>performing opeartions in espn home page: Login with valid user credentials</name>
    <title>performing opeartions in espn home page: Login with valid user credentials</title>
    <test-cases>
        <test-case start='1583168371867' status='passed' stop='1583168371868'>
            <name>Hook</name>
            <title>Hook</title>
            <labels>
                <label name='language' value='javascript'/>
                <label name='framework' value='wdio'/>
                <label name='thread' value='0-0'/>
            </labels>
            <parameters>
                <parameter kind='argument' name='browser' value='chrome'/>
            </parameters>
            <steps/>
            <attachments/>
        </test-case>
        <test-case start='1583168371869' status='passed' stop='1583168378988'>
            <name>Given I'm on the Home page</name>
            <title>Given I'm on the Home page</title>
            <labels>
                <label name='language' value='javascript'/>
                <label name='framework' value='wdio'/>
                <label name='thread' value='0-0'/>
            </labels>
            <parameters>
                <parameter kind='argument' name='browser' value='chrome'/>
            </parameters>
            <steps/>
            <attachments/>
        </test-case>
        <test-case start='1583168378989' status='passed' stop='1583168379658'>
            <name>When I click on log in option</name>
            <title>When I click on log in option</title>
            <labels>
                <label name='language' value='javascript'/>
                <label name='framework' value='wdio'/>
                <label name='thread' value='0-0'/>
            </labels>
            <parameters>
                <parameter kind='argument' name='browser' value='chrome'/>
            </parameters>
            <steps/>
            <attachments/>
        </test-case>
        <test-case start='1583168379658' status='passed' stop='1583168380138'>
            <name>And I shall be on login page</name>
            <title>And I shall be on login page</title>
            <labels>
                <label name='language' value='javascript'/>
                <label name='framework' value='wdio'/>
                <label name='thread' value='0-0'/>
            </labels>
            <parameters>
                <parameter kind='argument' name='browser' value='chrome'/>
            </parameters>
            <steps/>
            <attachments/>
        </test-case>
        <test-case start='1583168380138' status='passed' stop='1583168380957'>
            <name>And I login with valid user credentials</name>
            <title>And I login with valid user credentials</title>
            <labels>
                <label name='language' value='javascript'/>
                <label name='framework' value='wdio'/>
                <label name='thread' value='0-0'/>
            </labels>
            <parameters>
                <parameter kind='argument' name='browser' value='chrome'/>
            </parameters>
            <steps/>
            <attachments/>
        </test-case>
        <test-case start='1583168380957' status='failed' stop='1583168381407'>
            <name>Then I should be logged in successfully</name>
            <title>Then I should be logged in successfully</title>
            <labels>
                <label name='language' value='javascript'/>
                <label name='framework' value='wdio'/>
                <label name='thread' value='0-0'/>
            </labels>
            <parameters>
                <parameter kind='argument' name='browser' value='chrome'/>
            </parameters>
            <steps/>
            <attachments/>
            <failure>
                <message>expected false to be true</message>
                <stack-trace>AssertionError: expected false to be true
                    at World.&lt;anonymous> (C:\Jeevan webdriver\Wedriverio2\src\steps/espn.stp.js:37:10)
                    at World.executeSync (C:\Jeevan webdriver\Wedriverio2\node_modules\@wdio\sync\build\index.js:56:18)
                    at C:\Jeevan webdriver\Wedriverio2\node_modules\@wdio\sync\build\index.js:82:70</stack-trace>
            </failure>
        </test-case>
        <test-case start='1583168381407' status='passed' stop='1583168381408'>
            <name>Hook</name>
            <title>Hook</title>
            <labels>
                <label name='language' value='javascript'/>
                <label name='framework' value='wdio'/>
                <label name='thread' value='0-0'/>
            </labels>
            <parameters>
                <parameter kind='argument' name='browser' value='chrome'/>
            </parameters>
            <steps/>
            <attachments/>
        </test-case>
    </test-cases>
</ns2:test-suite>