<?xml version='1.0'?>
<ns2:test-suite xmlns:ns2='urn:model.allure.qatools.yandex.ru' start='1583167538407' stop='1583167548425'>
    <name>performing opeartions in espn home page: Login with valid user credentials</name>
    <title>performing opeartions in espn home page: Login with valid user credentials</title>
    <test-cases>
        <test-case start='1583167538408' status='passed' stop='1583167538409'>
            <name>Hook</name>
            <title>Hook</title>
            <labels>
                <label name='language' value='javascript'/>
                <label name='framework' value='wdio'/>
                <label name='thread' value='0-0'/>
            </labels>
            <parameters>
                <parameter kind='argument' name='browser' value='chrome'/>
            </parameters>
            <steps/>
            <attachments/>
        </test-case>
        <test-case start='1583167538409' status='passed' stop='1583167546190'>
            <name>Given I'm on the Home page</name>
            <title>Given I'm on the Home page</title>
            <labels>
                <label name='language' value='javascript'/>
                <label name='framework' value='wdio'/>
                <label name='thread' value='0-0'/>
            </labels>
            <parameters>
                <parameter kind='argument' name='browser' value='chrome'/>
            </parameters>
            <steps/>
            <attachments/>
        </test-case>
        <test-case start='1583167546190' status='passed' stop='1583167546779'>
            <name>When I click on log in option</name>
            <title>When I click on log in option</title>
            <labels>
                <label name='language' value='javascript'/>
                <label name='framework' value='wdio'/>
                <label name='thread' value='0-0'/>
            </labels>
            <parameters>
                <parameter kind='argument' name='browser' value='chrome'/>
            </parameters>
            <steps/>
            <attachments/>
        </test-case>
        <test-case start='1583167546779' status='passed' stop='1583167547242'>
            <name>And I shall be on login page</name>
            <title>And I shall be on login page</title>
            <labels>
                <label name='language' value='javascript'/>
                <label name='framework' value='wdio'/>
                <label name='thread' value='0-0'/>
            </labels>
            <parameters>
                <parameter kind='argument' name='browser' value='chrome'/>
            </parameters>
            <steps/>
            <attachments/>
        </test-case>
        <test-case start='1583167547242' status='passed' stop='1583167547973'>
            <name>And I login with valid user credentials</name>
            <title>And I login with valid user credentials</title>
            <labels>
                <label name='language' value='javascript'/>
                <label name='framework' value='wdio'/>
                <label name='thread' value='0-0'/>
            </labels>
            <parameters>
                <parameter kind='argument' name='browser' value='chrome'/>
            </parameters>
            <steps/>
            <attachments/>
        </test-case>
        <test-case start='1583167547973' status='failed' stop='1583167548424'>
            <name>Then I should be logged in successfully</name>
            <title>Then I should be logged in successfully</title>
            <labels>
                <label name='language' value='javascript'/>
                <label name='framework' value='wdio'/>
                <label name='thread' value='0-0'/>
            </labels>
            <parameters>
                <parameter kind='argument' name='browser' value='chrome'/>
            </parameters>
            <steps/>
            <attachments/>
            <failure>
                <message>expected false to not exist</message>
                <stack-trace>AssertionError: expected false to not exist
                    at World.&lt;anonymous> (C:\Jeevan webdriver\Wedriverio2\src\steps/espn.stp.js:37:10)
                    at World.executeSync (C:\Jeevan webdriver\Wedriverio2\node_modules\@wdio\sync\build\index.js:56:18)
                    at C:\Jeevan webdriver\Wedriverio2\node_modules\@wdio\sync\build\index.js:82:70</stack-trace>
            </failure>
        </test-case>
        <test-case start='1583167548424' status='passed' stop='1583167548424'>
            <name>Hook</name>
            <title>Hook</title>
            <labels>
                <label name='language' value='javascript'/>
                <label name='framework' value='wdio'/>
                <label name='thread' value='0-0'/>
            </labels>
            <parameters>
                <parameter kind='argument' name='browser' value='chrome'/>
            </parameters>
            <steps/>
            <attachments/>
        </test-case>
    </test-cases>
</ns2:test-suite>